app/build/intermediates/manifest_merge_blame_file/debug/processDebugMainManifest/manifest-merger-blame-debug-report.txt
1<?xml version="1.0" encoding="utf-8"?>
2<manifest xmlns:android="http://schemas.android.com/apk/res/android"
3    package="it.progmob.esame2"
4    android:versionCode="1"
5    android:versionName="1.0" >
6
7    <uses-sdk
8        android:minSdkVersion="24"
9        android:targetSdkVersion="36" />
10
11    <uses-permission android:name="android.permission.INTERNET" />
11-->src\main\AndroidManifest.xml:4:5-67
11-->src\main\AndroidManifest.xml:4:22-64
12    <uses-permission android:name="android.permission.RECORD_AUDIO" />
12-->src\main\AndroidManifest.xml:6:5-71
12-->src\main\AndroidManifest.xml:6:22-68
13    <uses-permission
13-->src\main\AndroidManifest.xml:7:5-9:38
14        android:name="android.permission.WRITE_EXTERNAL_STORAGE"
14-->src\main\AndroidManifest.xml:8:9-65
15        android:maxSdkVersion="32" />
15-->src\main\AndroidManifest.xml:9:9-35
16
17    <uses-feature
17-->src\main\AndroidManifest.xml:11:5-13:35
18        android:name="android.hardware.microphone"
18-->src\main\AndroidManifest.xml:12:9-51
19        android:required="true" />
19-->src\main\AndroidManifest.xml:13:9-32
20
21    <uses-permission android:name="android.permission.ACCESS_NETWORK_STATE" />
21-->[com.google.firebase:firebase-auth:24.0.1] AndroidManifest.xml:26:5-79
21-->[com.google.firebase:firebase-auth:24.0.1] AndroidManifest.xml:26:22-76
22    <uses-permission android:name="android.permission.WAKE_LOCK" />
22-->[com.google.android.gms:play-services-measurement:23.0.0] AndroidManifest.xml:25:5-68
22-->[com.google.android.gms:play-services-measurement:23.0.0] AndroidManifest.xml:25:22-65
23    <uses-permission android:name="com.google.android.finsky.permission.BIND_GET_INSTALL_REFERRER_SERVICE" />
23-->[com.google.android.gms:play-services-measurement:23.0.0] AndroidManifest.xml:26:5-110
23-->[com.google.android.gms:play-services-measurement:23.0.0] AndroidManifest.xml:26:22-107
24    <uses-permission android:name="com.google.android.gms.permission.AD_ID" />
24-->[com.google.android.gms:play-services-measurement-api:23.0.0] AndroidManifest.xml:25:5-79
24-->[com.google.android.gms:play-services-measurement-api:23.0.0] AndroidManifest.xml:25:22-76
25    <uses-permission android:name="android.permission.ACCESS_ADSERVICES_ATTRIBUTION" />
25-->[com.google.android.gms:play-services-measurement-api:23.0.0] AndroidManifest.xml:26:5-88
25-->[com.google.android.gms:play-services-measurement-api:23.0.0] AndroidManifest.xml:26:22-85
26    <uses-permission android:name="android.permission.ACCESS_ADSERVICES_AD_ID" />
26-->[com.google.android.gms:play-services-measurement-api:23.0.0] AndroidManifest.xml:27:5-82
26-->[com.google.android.gms:play-services-measurement-api:23.0.0] AndroidManifest.xml:27:22-79
27    <uses-permission android:name="com.google.android.providers.gsf.permission.READ_GSERVICES" />
27-->[com.google.android.recaptcha:recaptcha:18.6.1] AndroidManifest.xml:9:5-98
27-->[com.google.android.recaptcha:recaptcha:18.6.1] AndroidManifest.xml:9:22-95
28
29    <permission
29-->[androidx.core:core:1.17.0] AndroidManifest.xml:22:5-24:47
30        android:name="it.progmob.esame2.DYNAMIC_RECEIVER_NOT_EXPORTED_PERMISSION"
30-->[androidx.core:core:1.17.0] AndroidManifest.xml:23:9-81
31        android:protectionLevel="signature" />
31-->[androidx.core:core:1.17.0] AndroidManifest.xml:24:9-44
32
33    <uses-permission android:name="it.progmob.esame2.DYNAMIC_RECEIVER_NOT_EXPORTED_PERMISSION" />
33-->[androidx.core:core:1.17.0] AndroidManifest.xml:26:5-97
33-->[androidx.core:core:1.17.0] AndroidManifest.xml:26:22-94
34
35    <application
35-->src\main\AndroidManifest.xml:15:5-54:19
36        android:allowBackup="true"
36-->src\main\AndroidManifest.xml:16:9-35
37        android:appComponentFactory="androidx.core.app.CoreComponentFactory"
37-->[androidx.core:core:1.17.0] AndroidManifest.xml:28:18-86
38        android:dataExtractionRules="@xml/data_extraction_rules"
38-->src\main\AndroidManifest.xml:17:9-65
39        android:debuggable="true"
40        android:extractNativeLibs="false"
41        android:fullBackupContent="@xml/backup_rules"
41-->src\main\AndroidManifest.xml:18:9-54
42        android:icon="@mipmap/ic_launcher"
42-->src\main\AndroidManifest.xml:19:9-43
43        android:label="@string/app_name"
43-->src\main\AndroidManifest.xml:20:9-41
44        android:roundIcon="@mipmap/ic_launcher_round"
44-->src\main\AndroidManifest.xml:21:9-54
45        android:supportsRtl="true"
45-->src\main\AndroidManifest.xml:22:9-35
46        android:testOnly="true"
47        android:theme="@style/Theme.AppCompat.DayNight.NoActionBar"
47-->src\main\AndroidManifest.xml:24:9-68
48        android:usesCleartextTraffic="true" >
48-->src\main\AndroidManifest.xml:23:9-44
49        <activity
49-->src\main\AndroidManifest.xml:26:9-33:20
50            android:name="it.progmob.esame2.LoginActivity"
50-->src\main\AndroidManifest.xml:27:13-42
51            android:exported="true" >
51-->src\main\AndroidManifest.xml:28:13-36
52            <intent-filter>
52-->src\main\AndroidManifest.xml:29:13-32:29
53                <action android:name="android.intent.action.MAIN" />
53-->src\main\AndroidManifest.xml:30:17-68
53-->src\main\AndroidManifest.xml:30:25-66
54
55                <category android:name="android.intent.category.LAUNCHER" />
55-->src\main\AndroidManifest.xml:31:17-76
55-->src\main\AndroidManifest.xml:31:27-74
56            </intent-filter>
57        </activity>
58        <activity
58-->src\main\AndroidManifest.xml:35:9-37:40
59            android:name="it.progmob.esame2.RegisterActivity"
59-->src\main\AndroidManifest.xml:36:13-45
60            android:exported="false" />
60-->src\main\AndroidManifest.xml:37:13-37
61        <activity
61-->src\main\AndroidManifest.xml:39:9-41:40
62            android:name="it.progmob.esame2.MainActivity"
62-->src\main\AndroidManifest.xml:40:13-41
63            android:exported="false" />
63-->src\main\AndroidManifest.xml:41:13-37
64        <activity
64-->src\main\AndroidManifest.xml:43:9-45:39
65            android:name="it.progmob.esame2.NewRecActivity"
65-->src\main\AndroidManifest.xml:44:13-43
66            android:exported="false" />
66-->src\main\AndroidManifest.xml:45:13-37
67        <activity android:name="it.progmob.esame2.PlayActivity" />
67-->src\main\AndroidManifest.xml:47:9-50
67-->src\main\AndroidManifest.xml:47:19-47
68        <activity
68-->src\main\AndroidManifest.xml:49:9-51:40
69            android:name="it.progmob.esame2.ArrangerActivity"
69-->src\main\AndroidManifest.xml:50:13-45
70            android:exported="false" />
70-->src\main\AndroidManifest.xml:51:13-37
71        <activity
71-->[androidx.compose.ui:ui-tooling-android:1.7.0] AndroidManifest.xml:23:9-25:39
72            android:name="androidx.compose.ui.tooling.PreviewActivity"
72-->[androidx.compose.ui:ui-tooling-android:1.7.0] AndroidManifest.xml:24:13-71
73            android:exported="true" />
73-->[androidx.compose.ui:ui-tooling-android:1.7.0] AndroidManifest.xml:25:13-36
74        <activity
74-->[androidx.compose.ui:ui-test-manifest:1.7.0] AndroidManifest.xml:23:9-25:39
75            android:name="androidx.activity.ComponentActivity"
75-->[androidx.compose.ui:ui-test-manifest:1.7.0] AndroidManifest.xml:24:13-63
76            android:exported="true" />
76-->[androidx.compose.ui:ui-test-manifest:1.7.0] AndroidManifest.xml:25:13-36
77        <activity
77-->[com.google.firebase:firebase-auth:24.0.1] AndroidManifest.xml:29:9-46:20
78            android:name="com.google.firebase.auth.internal.GenericIdpActivity"
78-->[com.google.firebase:firebase-auth:24.0.1] AndroidManifest.xml:30:13-80
79            android:excludeFromRecents="true"
79-->[com.google.firebase:firebase-auth:24.0.1] AndroidManifest.xml:31:13-46
80            android:exported="true"
80-->[com.google.firebase:firebase-auth:24.0.1] AndroidManifest.xml:32:13-36
81            android:launchMode="singleTask"
81-->[com.google.firebase:firebase-auth:24.0.1] AndroidManifest.xml:33:13-44
82            android:theme="@android:style/Theme.Translucent.NoTitleBar" >
82-->[com.google.firebase:firebase-auth:24.0.1] AndroidManifest.xml:34:13-72
83            <intent-filter>
83-->[com.google.firebase:firebase-auth:24.0.1] AndroidManifest.xml:35:13-45:29
84                <action android:name="android.intent.action.VIEW" />
84-->[com.google.firebase:firebase-auth:24.0.1] AndroidManifest.xml:36:17-69
84-->[com.google.firebase:firebase-auth:24.0.1] AndroidManifest.xml:36:25-66
85
86                <category android:name="android.intent.category.DEFAULT" />
86-->[com.google.firebase:firebase-auth:24.0.1] AndroidManifest.xml:38:17-76
86-->[com.google.firebase:firebase-auth:24.0.1] AndroidManifest.xml:38:27-73
87                <category android:name="android.intent.category.BROWSABLE" />
87-->[com.google.firebase:firebase-auth:24.0.1] AndroidManifest.xml:39:17-78
87-->[com.google.firebase:firebase-auth:24.0.1] AndroidManifest.xml:39:27-75
88
89                <data
89-->[com.google.firebase:firebase-auth:24.0.1] AndroidManifest.xml:41:17-44:51
90                    android:host="firebase.auth"
90-->[com.google.firebase:firebase-auth:24.0.1] AndroidManifest.xml:42:21-49
91                    android:path="/"
91-->[com.google.firebase:firebase-auth:24.0.1] AndroidManifest.xml:43:21-37
92                    android:scheme="genericidp" />
92-->[com.google.firebase:firebase-auth:24.0.1] AndroidManifest.xml:44:21-48
93            </intent-filter>
94        </activity>
95        <activity
95-->[com.google.firebase:firebase-auth:24.0.1] AndroidManifest.xml:47:9-64:20
96            android:name="com.google.firebase.auth.internal.RecaptchaActivity"
96-->[com.google.firebase:firebase-auth:24.0.1] AndroidManifest.xml:48:13-79
97            android:excludeFromRecents="true"
97-->[com.google.firebase:firebase-auth:24.0.1] AndroidManifest.xml:49:13-46
98            android:exported="true"
98-->[com.google.firebase:firebase-auth:24.0.1] AndroidManifest.xml:50:13-36
99            android:launchMode="singleTask"
99-->[com.google.firebase:firebase-auth:24.0.1] AndroidManifest.xml:51:13-44
100            android:theme="@android:style/Theme.Translucent.NoTitleBar" >
100-->[com.google.firebase:firebase-auth:24.0.1] AndroidManifest.xml:52:13-72
101            <intent-filter>
101-->[com.google.firebase:firebase-auth:24.0.1] AndroidManifest.xml:53:13-63:29
102                <action android:name="android.intent.action.VIEW" />
102-->[com.google.firebase:firebase-auth:24.0.1] AndroidManifest.xml:36:17-69
102-->[com.google.firebase:firebase-auth:24.0.1] AndroidManifest.xml:36:25-66
103
104                <category android:name="android.intent.category.DEFAULT" />
104-->[com.google.firebase:firebase-auth:24.0.1] AndroidManifest.xml:38:17-76
104-->[com.google.firebase:firebase-auth:24.0.1] AndroidManifest.xml:38:27-73
105                <category android:name="android.intent.category.BROWSABLE" />
105-->[com.google.firebase:firebase-auth:24.0.1] AndroidManifest.xml:39:17-78
105-->[com.google.firebase:firebase-auth:24.0.1] AndroidManifest.xml:39:27-75
106
107                <data
107-->[com.google.firebase:firebase-auth:24.0.1] AndroidManifest.xml:41:17-44:51
108                    android:host="firebase.auth"
108-->[com.google.firebase:firebase-auth:24.0.1] AndroidManifest.xml:42:21-49
109                    android:path="/"
109-->[com.google.firebase:firebase-auth:24.0.1] AndroidManifest.xml:43:21-37
110                    android:scheme="recaptcha" />
110-->[com.google.firebase:firebase-auth:24.0.1] AndroidManifest.xml:44:21-48
111            </intent-filter>
112        </activity>
113
114        <service
114-->[com.google.firebase:firebase-auth:24.0.1] AndroidManifest.xml:66:9-72:19
115            android:name="com.google.firebase.components.ComponentDiscoveryService"
115-->[com.google.firebase:firebase-auth:24.0.1] AndroidManifest.xml:67:13-84
116            android:directBootAware="true"
116-->[com.google.firebase:firebase-common:22.0.1] AndroidManifest.xml:32:13-43
117            android:exported="false" >
117-->[com.google.firebase:firebase-auth:24.0.1] AndroidManifest.xml:68:13-37
118            <meta-data
118-->[com.google.firebase:firebase-auth:24.0.1] AndroidManifest.xml:69:13-71:85
119                android:name="com.google.firebase.components:com.google.firebase.auth.FirebaseAuthRegistrar"
119-->[com.google.firebase:firebase-auth:24.0.1] AndroidManifest.xml:70:17-109
120                android:value="com.google.firebase.components.ComponentRegistrar" />
120-->[com.google.firebase:firebase-auth:24.0.1] AndroidManifest.xml:71:17-82
121            <meta-data
121-->[com.google.android.gms:play-services-measurement-api:23.0.0] AndroidManifest.xml:33:13-35:85
122                android:name="com.google.firebase.components:com.google.firebase.analytics.connector.internal.AnalyticsConnectorRegistrar"
122-->[com.google.android.gms:play-services-measurement-api:23.0.0] AndroidManifest.xml:34:17-139
123                android:value="com.google.firebase.components.ComponentRegistrar" />
123-->[com.google.android.gms:play-services-measurement-api:23.0.0] AndroidManifest.xml:35:17-82
124            <meta-data
124-->[com.google.firebase:firebase-installations:19.0.1] AndroidManifest.xml:15:13-17:85
125                android:name="com.google.firebase.components:com.google.firebase.installations.FirebaseInstallationsKtxRegistrar"
125-->[com.google.firebase:firebase-installations:19.0.1] AndroidManifest.xml:16:17-130
126                android:value="com.google.firebase.components.ComponentRegistrar" />
126-->[com.google.firebase:firebase-installations:19.0.1] AndroidManifest.xml:17:17-82
127            <meta-data
127-->[com.google.firebase:firebase-installations:19.0.1] AndroidManifest.xml:18:13-20:85
128                android:name="com.google.firebase.components:com.google.firebase.installations.FirebaseInstallationsRegistrar"
128-->[com.google.firebase:firebase-installations:19.0.1] AndroidManifest.xml:19:17-127
129                android:value="com.google.firebase.components.ComponentRegistrar" />
129-->[com.google.firebase:firebase-installations:19.0.1] AndroidManifest.xml:20:17-82
130            <meta-data
130-->[com.google.firebase:firebase-common:22.0.1] AndroidManifest.xml:35:13-37:85
131                android:name="com.google.firebase.components:com.google.firebase.FirebaseCommonKtxRegistrar"
131-->[com.google.firebase:firebase-common:22.0.1] AndroidManifest.xml:36:17-109
132                android:value="com.google.firebase.components.ComponentRegistrar" />
132-->[com.google.firebase:firebase-common:22.0.1] AndroidManifest.xml:37:17-82
133        </service>
134
135        <receiver
135-->[com.google.android.gms:play-services-measurement:23.0.0] AndroidManifest.xml:29:9-33:20
136            android:name="com.google.android.gms.measurement.AppMeasurementReceiver"
136-->[com.google.android.gms:play-services-measurement:23.0.0] AndroidManifest.xml:30:13-85
137            android:enabled="true"
137-->[com.google.android.gms:play-services-measurement:23.0.0] AndroidManifest.xml:31:13-35
138            android:exported="false" >
138-->[com.google.android.gms:play-services-measurement:23.0.0] AndroidManifest.xml:32:13-37
139        </receiver>
140
141        <service
141-->[com.google.android.gms:play-services-measurement:23.0.0] AndroidManifest.xml:35:9-38:40
142            android:name="com.google.android.gms.measurement.AppMeasurementService"
142-->[com.google.android.gms:play-services-measurement:23.0.0] AndroidManifest.xml:36:13-84
143            android:enabled="true"
143-->[com.google.android.gms:play-services-measurement:23.0.0] AndroidManifest.xml:37:13-35
144            android:exported="false" />
144-->[com.google.android.gms:play-services-measurement:23.0.0] AndroidManifest.xml:38:13-37
145        <service
145-->[com.google.android.gms:play-services-measurement:23.0.0] AndroidManifest.xml:39:9-43:72
146            android:name="com.google.android.gms.measurement.AppMeasurementJobService"
146-->[com.google.android.gms:play-services-measurement:23.0.0] AndroidManifest.xml:40:13-87
147            android:enabled="true"
147-->[com.google.android.gms:play-services-measurement:23.0.0] AndroidManifest.xml:41:13-35
148            android:exported="false"
148-->[com.google.android.gms:play-services-measurement:23.0.0] AndroidManifest.xml:42:13-37
149            android:permission="android.permission.BIND_JOB_SERVICE" />
149-->[com.google.android.gms:play-services-measurement:23.0.0] AndroidManifest.xml:43:13-69
150        <service
150-->[androidx.credentials:credentials-play-services-auth:1.2.0-rc01] AndroidManifest.xml:24:9-32:19
151            android:name="androidx.credentials.playservices.CredentialProviderMetadataHolder"
151-->[androidx.credentials:credentials-play-services-auth:1.2.0-rc01] AndroidManifest.xml:25:13-94
152            android:enabled="true"
152-->[androidx.credentials:credentials-play-services-auth:1.2.0-rc01] AndroidManifest.xml:26:13-35
153            android:exported="false" >
153-->[androidx.credentials:credentials-play-services-auth:1.2.0-rc01] AndroidManifest.xml:27:13-37
154            <meta-data
154-->[androidx.credentials:credentials-play-services-auth:1.2.0-rc01] AndroidManifest.xml:29:13-31:104
155                android:name="androidx.credentials.CREDENTIAL_PROVIDER_KEY"
155-->[androidx.credentials:credentials-play-services-auth:1.2.0-rc01] AndroidManifest.xml:30:17-76
156                android:value="androidx.credentials.playservices.CredentialProviderPlayServicesImpl" />
156-->[androidx.credentials:credentials-play-services-auth:1.2.0-rc01] AndroidManifest.xml:31:17-101
157        </service>
158
159        <activity
159-->[androidx.credentials:credentials-play-services-auth:1.2.0-rc01] AndroidManifest.xml:34:9-41:20
160            android:name="androidx.credentials.playservices.HiddenActivity"
160-->[androidx.credentials:credentials-play-services-auth:1.2.0-rc01] AndroidManifest.xml:35:13-76
161            android:configChanges="orientation|screenSize|screenLayout|keyboardHidden"
161-->[androidx.credentials:credentials-play-services-auth:1.2.0-rc01] AndroidManifest.xml:36:13-87
162            android:enabled="true"
162-->[androidx.credentials:credentials-play-services-auth:1.2.0-rc01] AndroidManifest.xml:37:13-35
163            android:exported="false"
163-->[androidx.credentials:credentials-play-services-auth:1.2.0-rc01] AndroidManifest.xml:38:13-37
164            android:fitsSystemWindows="true"
164-->[androidx.credentials:credentials-play-services-auth:1.2.0-rc01] AndroidManifest.xml:39:13-45
165            android:theme="@style/Theme.Hidden" >
165-->[androidx.credentials:credentials-play-services-auth:1.2.0-rc01] AndroidManifest.xml:40:13-48
166        </activity>
167        <activity
167-->[com.google.android.gms:play-services-auth:20.7.0] AndroidManifest.xml:23:9-27:75
168            android:name="com.google.android.gms.auth.api.signin.internal.SignInHubActivity"
168-->[com.google.android.gms:play-services-auth:20.7.0] AndroidManifest.xml:24:13-93
169            android:excludeFromRecents="true"
169-->[com.google.android.gms:play-services-auth:20.7.0] AndroidManifest.xml:25:13-46
170            android:exported="false"
170-->[com.google.android.gms:play-services-auth:20.7.0] AndroidManifest.xml:26:13-37
171            android:theme="@android:style/Theme.Translucent.NoTitleBar" />
171-->[com.google.android.gms:play-services-auth:20.7.0] AndroidManifest.xml:27:13-72
172        <!--
173            Service handling Google Sign-In user revocation. For apps that do not integrate with
174            Google Sign-In, this service will never be started.
175        -->
176        <service
176-->[com.google.android.gms:play-services-auth:20.7.0] AndroidManifest.xml:33:9-37:51
177            android:name="com.google.android.gms.auth.api.signin.RevocationBoundService"
177-->[com.google.android.gms:play-services-auth:20.7.0] AndroidManifest.xml:34:13-89
178            android:exported="true"
178-->[com.google.android.gms:play-services-auth:20.7.0] AndroidManifest.xml:35:13-36
179            android:permission="com.google.android.gms.auth.api.signin.permission.REVOCATION_NOTIFICATION"
179-->[com.google.android.gms:play-services-auth:20.7.0] AndroidManifest.xml:36:13-107
180            android:visibleToInstantApps="true" />
180-->[com.google.android.gms:play-services-auth:20.7.0] AndroidManifest.xml:37:13-48
181
182        <provider
182-->[com.google.firebase:firebase-common:22.0.1] AndroidManifest.xml:23:9-28:39
183            android:name="com.google.firebase.provider.FirebaseInitProvider"
183-->[com.google.firebase:firebase-common:22.0.1] AndroidManifest.xml:24:13-77
184            android:authorities="it.progmob.esame2.firebaseinitprovider"
184-->[com.google.firebase:firebase-common:22.0.1] AndroidManifest.xml:25:13-72
185            android:directBootAware="true"
185-->[com.google.firebase:firebase-common:22.0.1] AndroidManifest.xml:26:13-43
186            android:exported="false"
186-->[com.google.firebase:firebase-common:22.0.1] AndroidManifest.xml:27:13-37
187            android:initOrder="100" />
187-->[com.google.firebase:firebase-common:22.0.1] AndroidManifest.xml:28:13-36
188        <provider
188-->[androidx.emoji2:emoji2:1.3.0] AndroidManifest.xml:24:9-32:20
189            android:name="androidx.startup.InitializationProvider"
189-->[androidx.emoji2:emoji2:1.3.0] AndroidManifest.xml:25:13-67
190            android:authorities="it.progmob.esame2.androidx-startup"
190-->[androidx.emoji2:emoji2:1.3.0] AndroidManifest.xml:26:13-68
191            android:exported="false" >
191-->[androidx.emoji2:emoji2:1.3.0] AndroidManifest.xml:27:13-37
192            <meta-data
192-->[androidx.emoji2:emoji2:1.3.0] AndroidManifest.xml:29:13-31:52
193                android:name="androidx.emoji2.text.EmojiCompatInitializer"
193-->[androidx.emoji2:emoji2:1.3.0] AndroidManifest.xml:30:17-75
194                android:value="androidx.startup" />
194-->[androidx.emoji2:emoji2:1.3.0] AndroidManifest.xml:31:17-49
195            <meta-data
195-->[androidx.lifecycle:lifecycle-process:2.9.4] AndroidManifest.xml:29:13-31:52
196                android:name="androidx.lifecycle.ProcessLifecycleInitializer"
196-->[androidx.lifecycle:lifecycle-process:2.9.4] AndroidManifest.xml:30:17-78
197                android:value="androidx.startup" />
197-->[androidx.lifecycle:lifecycle-process:2.9.4] AndroidManifest.xml:31:17-49
198            <meta-data
198-->[androidx.profileinstaller:profileinstaller:1.4.0] AndroidManifest.xml:29:13-31:52
199                android:name="androidx.profileinstaller.ProfileInstallerInitializer"
199-->[androidx.profileinstaller:profileinstaller:1.4.0] AndroidManifest.xml:30:17-85
200                android:value="androidx.startup" />
200-->[androidx.profileinstaller:profileinstaller:1.4.0] AndroidManifest.xml:31:17-49
201        </provider>
202
203        <activity
203-->[com.google.android.gms:play-services-base:18.5.0] AndroidManifest.xml:5:9-173
204            android:name="com.google.android.gms.common.api.GoogleApiActivity"
204-->[com.google.android.gms:play-services-base:18.5.0] AndroidManifest.xml:5:19-85
205            android:exported="false"
205-->[com.google.android.gms:play-services-base:18.5.0] AndroidManifest.xml:5:146-170
206            android:theme="@android:style/Theme.Translucent.NoTitleBar" />
206-->[com.google.android.gms:play-services-base:18.5.0] AndroidManifest.xml:5:86-145
207
208        <uses-library
208-->[androidx.privacysandbox.ads:ads-adservices:1.1.0-beta11] AndroidManifest.xml:23:9-25:40
209            android:name="android.ext.adservices"
209-->[androidx.privacysandbox.ads:ads-adservices:1.1.0-beta11] AndroidManifest.xml:24:13-50
210            android:required="false" />
210-->[androidx.privacysandbox.ads:ads-adservices:1.1.0-beta11] AndroidManifest.xml:25:13-37
211
212        <meta-data
212-->[com.google.android.gms:play-services-basement:18.5.0] AndroidManifest.xml:21:9-23:69
213            android:name="com.google.android.gms.version"
213-->[com.google.android.gms:play-services-basement:18.5.0] AndroidManifest.xml:22:13-58
214            android:value="@integer/google_play_services_version" />
214-->[com.google.android.gms:play-services-basement:18.5.0] AndroidManifest.xml:23:13-66
215
216        <receiver
216-->[androidx.profileinstaller:profileinstaller:1.4.0] AndroidManifest.xml:34:9-52:20
217            android:name="androidx.profileinstaller.ProfileInstallReceiver"
217-->[androidx.profileinstaller:profileinstaller:1.4.0] AndroidManifest.xml:35:13-76
218            android:directBootAware="false"
218-->[androidx.profileinstaller:profileinstaller:1.4.0] AndroidManifest.xml:36:13-44
219            android:enabled="true"
219-->[androidx.profileinstaller:profileinstaller:1.4.0] AndroidManifest.xml:37:13-35
220            android:exported="true"
220-->[androidx.profileinstaller:profileinstaller:1.4.0] AndroidManifest.xml:38:13-36
221            android:permission="android.permission.DUMP" >
221-->[androidx.profileinstaller:profileinstaller:1.4.0] AndroidManifest.xml:39:13-57
222            <intent-filter>
222-->[androidx.profileinstaller:profileinstaller:1.4.0] AndroidManifest.xml:40:13-42:29
223                <action android:name="androidx.profileinstaller.action.INSTALL_PROFILE" />
223-->[androidx.profileinstaller:profileinstaller:1.4.0] AndroidManifest.xml:41:17-91
223-->[androidx.profileinstaller:profileinstaller:1.4.0] AndroidManifest.xml:41:25-88
224            </intent-filter>
225            <intent-filter>
225-->[androidx.profileinstaller:profileinstaller:1.4.0] AndroidManifest.xml:43:13-45:29
226                <action android:name="androidx.profileinstaller.action.SKIP_FILE" />
226-->[androidx.profileinstaller:profileinstaller:1.4.0] AndroidManifest.xml:44:17-85
226-->[androidx.profileinstaller:profileinstaller:1.4.0] AndroidManifest.xml:44:25-82
227            </intent-filter>
228            <intent-filter>
228-->[androidx.profileinstaller:profileinstaller:1.4.0] AndroidManifest.xml:46:13-48:29
229                <action android:name="androidx.profileinstaller.action.SAVE_PROFILE" />
229-->[androidx.profileinstaller:profileinstaller:1.4.0] AndroidManifest.xml:47:17-88
229-->[androidx.profileinstaller:profileinstaller:1.4.0] AndroidManifest.xml:47:25-85
230            </intent-filter>
231            <intent-filter>
231-->[androidx.profileinstaller:profileinstaller:1.4.0] AndroidManifest.xml:49:13-51:29
232                <action android:name="androidx.profileinstaller.action.BENCHMARK_OPERATION" />
232-->[androidx.profileinstaller:profileinstaller:1.4.0] AndroidManifest.xml:50:17-95
232-->[androidx.profileinstaller:profileinstaller:1.4.0] AndroidManifest.xml:50:25-92
233            </intent-filter>
234        </receiver> <!-- The activities will be merged into the manifest of the hosting app. -->
235        <activity
235-->[com.google.android.play:core-common:2.0.3] AndroidManifest.xml:14:9-18:65
236            android:name="com.google.android.play.core.common.PlayCoreDialogWrapperActivity"
236-->[com.google.android.play:core-common:2.0.3] AndroidManifest.xml:15:13-93
237            android:exported="false"
237-->[com.google.android.play:core-common:2.0.3] AndroidManifest.xml:16:13-37
238            android:stateNotNeeded="true"
238-->[com.google.android.play:core-common:2.0.3] AndroidManifest.xml:17:13-42
239            android:theme="@style/Theme.PlayCore.Transparent" />
239-->[com.google.android.play:core-common:2.0.3] AndroidManifest.xml:18:13-62
240    </application>
241
242</manifest>